Sun Sep  1 12:22:38 2024 : Warning: Shared secret for client localhost is short, and likely can be broken by an attacker.
Sun Sep  1 12:22:38 2024 : Warning: Shared secret for client localhost_ipv6 is short, and likely can be broken by an attacker.
Sun Sep  1 12:22:38 2024 : Info: Debug state unknown (cap_sys_ptrace capability not set)
Sun Sep  1 12:22:38 2024 : Info: systemd watchdog is disabled
Sun Sep  1 12:22:38 2024 : Info: rlm_sql (sql): Driver rlm_sql_postgresql (module rlm_sql_postgresql) loaded and linked
Sun Sep  1 12:22:38 2024 : Info: rlm_sql (sql): Attempting to connect to database "ch_radius"
Sun Sep  1 12:22:39 2024 : Error: Cannot add client - virtual server 209.38.206.91 does not exist
Sun Sep  1 12:22:39 2024 : Warning: Failed to add client, possible duplicate?
Sun Sep  1 12:22:39 2024 : Warning: [/etc/freeradius/mods-config/attr_filter/access_reject]:11 Check item "FreeRADIUS-Response-Delay" 	found in filter list for realm "DEFAULT". 
Sun Sep  1 12:22:39 2024 : Warning: [/etc/freeradius/mods-config/attr_filter/access_reject]:11 Check item "FreeRADIUS-Response-Delay-USec" 	found in filter list for realm "DEFAULT". 
Sun Sep  1 12:22:39 2024 : Info: Loaded virtual server <default>
Sun Sep  1 12:22:39 2024 : Info: Loaded virtual server server01
Sun Sep  1 12:22:39 2024 : Info: Ready to process requests
Sun Sep  1 12:23:32 2024 : Error: !!!!!!!!!!!!!!!!!!!!!!!!!!!!!!!!!!!!!!!!!!!!!!!!!!!!!!!!!!!!!!!!!!!!!!!!!!!!!!!!
Sun Sep  1 12:23:32 2024 : Error: BlastRADIUS check: Received packet without Message-Authenticator.
Sun Sep  1 12:23:32 2024 : Error: Setting "require_message_authenticator = false" for client public_ip
Sun Sep  1 12:23:32 2024 : Error: !!!!!!!!!!!!!!!!!!!!!!!!!!!!!!!!!!!!!!!!!!!!!!!!!!!!!!!!!!!!!!!!!!!!!!!!!!!!!!!!
Sun Sep  1 12:23:32 2024 : Error: UPGRADE THE CLIENT AS YOUR NETWORK IS VULNERABLE TO THE BLASTRADIUS ATTACK.
Sun Sep  1 12:23:32 2024 : Error: Once the client is upgraded, set "require_message_authenticator = true" for  client public_ip
Sun Sep  1 12:23:32 2024 : Error: !!!!!!!!!!!!!!!!!!!!!!!!!!!!!!!!!!!!!!!!!!!!!!!!!!!!!!!!!!!!!!!!!!!!!!!!!!!!!!!!
Sun Sep  1 12:23:32 2024 : Error: !!!!!!!!!!!!!!!!!!!!!!!!!!!!!!!!!!!!!!!!!!!!!!!!!!!!!!!!!!!!!!!!!!!!!!!!!!!!!!!!
Sun Sep  1 12:23:32 2024 : Error: BlastRADIUS check: Received packet without Proxy-State.
Sun Sep  1 12:23:32 2024 : Error: Setting "limit_proxy_state = true" for client public_ip
Sun Sep  1 12:23:32 2024 : Error: !!!!!!!!!!!!!!!!!!!!!!!!!!!!!!!!!!!!!!!!!!!!!!!!!!!!!!!!!!!!!!!!!!!!!!!!!!!!!!!!
Sun Sep  1 12:23:32 2024 : Error: The packet does not contain Message-Authenticator, which is a security issue.
Sun Sep  1 12:23:32 2024 : Error: UPGRADE THE CLIENT AS YOUR NETWORK MAY BE VULNERABLE TO THE BLASTRADIUS ATTACK.
Sun Sep  1 12:23:32 2024 : Error: Once the client is upgraded, set "require_message_authenticator = true" for client public_ip
Sun Sep  1 12:23:32 2024 : Error: !!!!!!!!!!!!!!!!!!!!!!!!!!!!!!!!!!!!!!!!!!!!!!!!!!!!!!!!!!!!!!!!!!!!!!!!!!!!!!!!
Sun Sep  1 12:27:40 2024 : Info: Signalled to terminate
Sun Sep  1 12:27:40 2024 : Info: Exiting normally
Sun Sep  1 12:29:52 2024 : Warning: Shared secret for client localhost is short, and likely can be broken by an attacker.
Sun Sep  1 12:29:52 2024 : Warning: Shared secret for client public_ip is short, and likely can be broken by an attacker.
Sun Sep  1 12:29:52 2024 : Warning: Shared secret for client localhost_ipv6 is short, and likely can be broken by an attacker.
Sun Sep  1 12:29:52 2024 : Info: Debug state unknown (cap_sys_ptrace capability not set)
Sun Sep  1 12:29:52 2024 : Info: systemd watchdog is disabled
Sun Sep  1 12:29:52 2024 : Info: rlm_sql (sql): Driver rlm_sql_postgresql (module rlm_sql_postgresql) loaded and linked
Sun Sep  1 12:29:52 2024 : Info: rlm_sql (sql): Attempting to connect to database "ch_radius"
Sun Sep  1 12:29:52 2024 : Error: Cannot add client - virtual server 209.38.206.91 does not exist
Sun Sep  1 12:29:52 2024 : Warning: Failed to add client, possible duplicate?
Sun Sep  1 12:29:52 2024 : Warning: [/etc/freeradius/mods-config/attr_filter/access_reject]:11 Check item "FreeRADIUS-Response-Delay" 	found in filter list for realm "DEFAULT". 
Sun Sep  1 12:29:52 2024 : Warning: [/etc/freeradius/mods-config/attr_filter/access_reject]:11 Check item "FreeRADIUS-Response-Delay-USec" 	found in filter list for realm "DEFAULT". 
Sun Sep  1 12:29:52 2024 : Info: Loaded virtual server <default>
Sun Sep  1 12:29:52 2024 : Info: Loaded virtual server server01
Sun Sep  1 12:29:52 2024 : Info: Ready to process requests
Sun Sep  1 12:30:41 2024 : Error: !!!!!!!!!!!!!!!!!!!!!!!!!!!!!!!!!!!!!!!!!!!!!!!!!!!!!!!!!!!!!!!!!!!!!!!!!!!!!!!!
Sun Sep  1 12:30:41 2024 : Error: BlastRADIUS check: Received packet without Message-Authenticator.
Sun Sep  1 12:30:41 2024 : Error: Setting "require_message_authenticator = false" for client public_ip
Sun Sep  1 12:30:41 2024 : Error: !!!!!!!!!!!!!!!!!!!!!!!!!!!!!!!!!!!!!!!!!!!!!!!!!!!!!!!!!!!!!!!!!!!!!!!!!!!!!!!!
Sun Sep  1 12:30:41 2024 : Error: UPGRADE THE CLIENT AS YOUR NETWORK IS VULNERABLE TO THE BLASTRADIUS ATTACK.
Sun Sep  1 12:30:41 2024 : Error: Once the client is upgraded, set "require_message_authenticator = true" for  client public_ip
Sun Sep  1 12:30:41 2024 : Error: !!!!!!!!!!!!!!!!!!!!!!!!!!!!!!!!!!!!!!!!!!!!!!!!!!!!!!!!!!!!!!!!!!!!!!!!!!!!!!!!
Sun Sep  1 12:30:41 2024 : Error: !!!!!!!!!!!!!!!!!!!!!!!!!!!!!!!!!!!!!!!!!!!!!!!!!!!!!!!!!!!!!!!!!!!!!!!!!!!!!!!!
Sun Sep  1 12:30:41 2024 : Error: BlastRADIUS check: Received packet without Proxy-State.
Sun Sep  1 12:30:41 2024 : Error: Setting "limit_proxy_state = true" for client public_ip
Sun Sep  1 12:30:41 2024 : Error: !!!!!!!!!!!!!!!!!!!!!!!!!!!!!!!!!!!!!!!!!!!!!!!!!!!!!!!!!!!!!!!!!!!!!!!!!!!!!!!!
Sun Sep  1 12:30:41 2024 : Error: The packet does not contain Message-Authenticator, which is a security issue.
Sun Sep  1 12:30:41 2024 : Error: UPGRADE THE CLIENT AS YOUR NETWORK MAY BE VULNERABLE TO THE BLASTRADIUS ATTACK.
Sun Sep  1 12:30:41 2024 : Error: Once the client is upgraded, set "require_message_authenticator = true" for client public_ip
Sun Sep  1 12:30:41 2024 : Error: !!!!!!!!!!!!!!!!!!!!!!!!!!!!!!!!!!!!!!!!!!!!!!!!!!!!!!!!!!!!!!!!!!!!!!!!!!!!!!!!
Sun Sep  1 12:35:02 2024 : Info: Signalled to terminate
Sun Sep  1 12:35:02 2024 : Info: Exiting normally
Mon Sep  2 04:27:33 2024 : Warning: Shared secret for client localhost is short, and likely can be broken by an attacker.
Mon Sep  2 04:27:33 2024 : Warning: Shared secret for client public_ip is short, and likely can be broken by an attacker.
Mon Sep  2 04:27:33 2024 : Warning: Shared secret for client localhost_ipv6 is short, and likely can be broken by an attacker.
Mon Sep  2 04:27:33 2024 : Info: Debug state unknown (cap_sys_ptrace capability not set)
Mon Sep  2 04:27:33 2024 : Info: systemd watchdog is disabled
Mon Sep  2 04:27:33 2024 : Info: rlm_sql (sql): Driver rlm_sql_postgresql (module rlm_sql_postgresql) loaded and linked
Mon Sep  2 04:27:33 2024 : Info: rlm_sql (sql): Attempting to connect to database "ch_radius"
Mon Sep  2 04:27:33 2024 : Warning: [/etc/freeradius/mods-config/attr_filter/access_reject]:11 Check item "FreeRADIUS-Response-Delay" 	found in filter list for realm "DEFAULT". 
Mon Sep  2 04:27:33 2024 : Warning: [/etc/freeradius/mods-config/attr_filter/access_reject]:11 Check item "FreeRADIUS-Response-Delay-USec" 	found in filter list for realm "DEFAULT". 
Mon Sep  2 04:27:33 2024 : Info: Loaded virtual server <default>
Mon Sep  2 04:27:33 2024 : Error: /etc/freeradius/sites-enabled/inner-tunnel[247]: Failed to find "eap" as a module or policy.
Mon Sep  2 04:27:33 2024 : Error: /etc/freeradius/sites-enabled/inner-tunnel[247]: Please verify that the configuration exists in /etc/freeradius/mods-enabled/eap.
Mon Sep  2 04:27:33 2024 : Error: /etc/freeradius/sites-enabled/inner-tunnel[197]: Errors parsing authenticate section. 
Mon Sep  2 04:27:33 2024 : Error: Failed to load virtual server inner-tunnel
Mon Sep  2 04:32:06 2024 : Warning: Shared secret for client localhost is short, and likely can be broken by an attacker.
Mon Sep  2 04:32:06 2024 : Warning: Shared secret for client public_ip is short, and likely can be broken by an attacker.
Mon Sep  2 04:32:06 2024 : Warning: Shared secret for client localhost_ipv6 is short, and likely can be broken by an attacker.
Mon Sep  2 04:32:06 2024 : Info: Debug state unknown (cap_sys_ptrace capability not set)
Mon Sep  2 04:32:06 2024 : Info: systemd watchdog is disabled
Mon Sep  2 04:32:06 2024 : Info: rlm_sql (sql): Driver rlm_sql_postgresql (module rlm_sql_postgresql) loaded and linked
Mon Sep  2 04:32:06 2024 : Info: rlm_sql (sql): Attempting to connect to database "ch_radius"
Mon Sep  2 04:32:06 2024 : Warning: [/etc/freeradius/mods-config/attr_filter/access_reject]:11 Check item "FreeRADIUS-Response-Delay" 	found in filter list for realm "DEFAULT". 
Mon Sep  2 04:32:06 2024 : Warning: [/etc/freeradius/mods-config/attr_filter/access_reject]:11 Check item "FreeRADIUS-Response-Delay-USec" 	found in filter list for realm "DEFAULT". 
Mon Sep  2 04:32:06 2024 : Info: Loaded virtual server <default>
Mon Sep  2 04:32:06 2024 : Error: /etc/freeradius/sites-enabled/inner-tunnel[247]: Failed to find "eap" as a module or policy.
Mon Sep  2 04:32:06 2024 : Error: /etc/freeradius/sites-enabled/inner-tunnel[247]: Please verify that the configuration exists in /etc/freeradius/mods-enabled/eap.
Mon Sep  2 04:32:06 2024 : Error: /etc/freeradius/sites-enabled/inner-tunnel[197]: Errors parsing authenticate section. 
Mon Sep  2 04:32:06 2024 : Error: Failed to load virtual server inner-tunnel
Mon Sep  2 04:32:12 2024 : Warning: Shared secret for client localhost is short, and likely can be broken by an attacker.
Mon Sep  2 04:32:12 2024 : Warning: Shared secret for client public_ip is short, and likely can be broken by an attacker.
Mon Sep  2 04:32:12 2024 : Warning: Shared secret for client localhost_ipv6 is short, and likely can be broken by an attacker.
Mon Sep  2 04:32:12 2024 : Info: Debug state unknown (cap_sys_ptrace capability not set)
Mon Sep  2 04:32:12 2024 : Info: systemd watchdog is disabled
Mon Sep  2 04:32:12 2024 : Info: rlm_sql (sql): Driver rlm_sql_postgresql (module rlm_sql_postgresql) loaded and linked
Mon Sep  2 04:32:12 2024 : Info: rlm_sql (sql): Attempting to connect to database "ch_radius"
Mon Sep  2 04:32:12 2024 : Warning: [/etc/freeradius/mods-config/attr_filter/access_reject]:11 Check item "FreeRADIUS-Response-Delay" 	found in filter list for realm "DEFAULT". 
Mon Sep  2 04:32:12 2024 : Warning: [/etc/freeradius/mods-config/attr_filter/access_reject]:11 Check item "FreeRADIUS-Response-Delay-USec" 	found in filter list for realm "DEFAULT". 
Mon Sep  2 04:32:12 2024 : Info: Loaded virtual server <default>
Mon Sep  2 04:32:12 2024 : Error: /etc/freeradius/sites-enabled/inner-tunnel[247]: Failed to find "eap" as a module or policy.
Mon Sep  2 04:32:12 2024 : Error: /etc/freeradius/sites-enabled/inner-tunnel[247]: Please verify that the configuration exists in /etc/freeradius/mods-enabled/eap.
Mon Sep  2 04:32:12 2024 : Error: /etc/freeradius/sites-enabled/inner-tunnel[197]: Errors parsing authenticate section. 
Mon Sep  2 04:32:12 2024 : Error: Failed to load virtual server inner-tunnel
Mon Sep  2 04:41:40 2024 : Warning: Shared secret for client localhost is short, and likely can be broken by an attacker.
Mon Sep  2 04:41:40 2024 : Warning: Shared secret for client public_ip is short, and likely can be broken by an attacker.
Mon Sep  2 04:41:40 2024 : Warning: Shared secret for client localhost_ipv6 is short, and likely can be broken by an attacker.
Mon Sep  2 04:41:40 2024 : Info: Debug state unknown (cap_sys_ptrace capability not set)
Mon Sep  2 04:41:40 2024 : Info: systemd watchdog is disabled
Mon Sep  2 04:41:40 2024 : Info: rlm_sql (sql): Driver rlm_sql_postgresql (module rlm_sql_postgresql) loaded and linked
Mon Sep  2 04:41:40 2024 : Info: rlm_sql (sql): Attempting to connect to database "ch_radius"
Mon Sep  2 04:41:40 2024 : Warning: [/etc/freeradius/mods-config/attr_filter/access_reject]:11 Check item "FreeRADIUS-Response-Delay" 	found in filter list for realm "DEFAULT". 
Mon Sep  2 04:41:40 2024 : Warning: [/etc/freeradius/mods-config/attr_filter/access_reject]:11 Check item "FreeRADIUS-Response-Delay-USec" 	found in filter list for realm "DEFAULT". 
Mon Sep  2 04:41:40 2024 : Info: Loaded virtual server <default>
Mon Sep  2 04:41:40 2024 : Warning: Ignoring "ldap" (see raddb/mods-available/README.rst)
Mon Sep  2 04:41:40 2024 : Info:  # Skipping contents of 'if' as it is always 'false' -- /etc/freeradius/sites-enabled/inner-tunnel:336
Mon Sep  2 04:41:40 2024 : Info: Loaded virtual server inner-tunnel
Mon Sep  2 04:41:40 2024 : Info: Loaded virtual server server01
Mon Sep  2 04:41:40 2024 : Info: Ready to process requests
Mon Sep  2 04:47:00 2024 : Info: Signalled to terminate
Mon Sep  2 04:47:00 2024 : Info: Exiting normally
Mon Sep  2 14:11:41 2024 : Warning: Shared secret for client localhost is short, and likely can be broken by an attacker.
Mon Sep  2 14:11:41 2024 : Warning: Shared secret for client public_ip is short, and likely can be broken by an attacker.
Mon Sep  2 14:11:41 2024 : Warning: Shared secret for client localhost_ipv6 is short, and likely can be broken by an attacker.
Mon Sep  2 14:11:41 2024 : Info: Debug state unknown (cap_sys_ptrace capability not set)
Mon Sep  2 14:11:41 2024 : Info: systemd watchdog is disabled
Mon Sep  2 14:11:41 2024 : Info: rlm_sql (sql): Driver rlm_sql_postgresql (module rlm_sql_postgresql) loaded and linked
Mon Sep  2 14:11:41 2024 : Info: rlm_sql (sql): Attempting to connect to database "ch_radius"
Mon Sep  2 14:11:41 2024 : Warning: [/etc/freeradius/mods-config/attr_filter/access_reject]:11 Check item "FreeRADIUS-Response-Delay" 	found in filter list for realm "DEFAULT". 
Mon Sep  2 14:11:41 2024 : Warning: [/etc/freeradius/mods-config/attr_filter/access_reject]:11 Check item "FreeRADIUS-Response-Delay-USec" 	found in filter list for realm "DEFAULT". 
Mon Sep  2 14:11:41 2024 : Info: Loaded virtual server <default>
Mon Sep  2 14:11:41 2024 : Warning: Ignoring "ldap" (see raddb/mods-available/README.rst)
Mon Sep  2 14:11:41 2024 : Info:  # Skipping contents of 'if' as it is always 'false' -- /etc/freeradius/sites-enabled/inner-tunnel:336
Mon Sep  2 14:11:41 2024 : Info: Loaded virtual server inner-tunnel
Mon Sep  2 14:11:41 2024 : Info: Loaded virtual server server01
Mon Sep  2 14:11:41 2024 : Info: Ready to process requests
Mon Sep  2 14:15:07 2024 : Warning: Shared secret for client localhost is short, and likely can be broken by an attacker.
Mon Sep  2 14:15:07 2024 : Warning: Shared secret for client public_ip is short, and likely can be broken by an attacker.
Mon Sep  2 14:15:07 2024 : Warning: Shared secret for client localhost_ipv6 is short, and likely can be broken by an attacker.
Mon Sep  2 14:15:07 2024 : Info: Debug state unknown (cap_sys_ptrace capability not set)
Mon Sep  2 14:15:07 2024 : Info: systemd watchdog is disabled
Mon Sep  2 14:15:07 2024 : Info: rlm_sql (sql): Driver rlm_sql_postgresql (module rlm_sql_postgresql) loaded and linked
Mon Sep  2 14:15:07 2024 : Info: rlm_sql (sql): Attempting to connect to database "ch_radius"
Mon Sep  2 14:15:07 2024 : Warning: [/etc/freeradius/mods-config/attr_filter/access_reject]:11 Check item "FreeRADIUS-Response-Delay" 	found in filter list for realm "DEFAULT". 
Mon Sep  2 14:15:07 2024 : Warning: [/etc/freeradius/mods-config/attr_filter/access_reject]:11 Check item "FreeRADIUS-Response-Delay-USec" 	found in filter list for realm "DEFAULT". 
Mon Sep  2 14:15:07 2024 : Info: Loaded virtual server <default>
Mon Sep  2 14:15:07 2024 : Warning: Ignoring "ldap" (see raddb/mods-available/README.rst)
Mon Sep  2 14:15:07 2024 : Info:  # Skipping contents of 'if' as it is always 'false' -- /etc/freeradius/sites-enabled/inner-tunnel:336
Mon Sep  2 14:15:07 2024 : Info: Loaded virtual server inner-tunnel
Mon Sep  2 14:15:07 2024 : Info: Loaded virtual server server01
Mon Sep  2 14:15:07 2024 : Info: Ready to process requests
Mon Sep  2 14:15:15 2024 : Warning: Shared secret for client localhost is short, and likely can be broken by an attacker.
Mon Sep  2 14:15:15 2024 : Warning: Shared secret for client public_ip is short, and likely can be broken by an attacker.
Mon Sep  2 14:15:15 2024 : Warning: Shared secret for client localhost_ipv6 is short, and likely can be broken by an attacker.
Mon Sep  2 14:15:15 2024 : Info: Debug state unknown (cap_sys_ptrace capability not set)
Mon Sep  2 14:15:15 2024 : Info: systemd watchdog is disabled
Mon Sep  2 14:15:15 2024 : Info: rlm_sql (sql): Driver rlm_sql_postgresql (module rlm_sql_postgresql) loaded and linked
Mon Sep  2 14:15:15 2024 : Info: rlm_sql (sql): Attempting to connect to database "ch_radius"
Mon Sep  2 14:15:16 2024 : Warning: [/etc/freeradius/mods-config/attr_filter/access_reject]:11 Check item "FreeRADIUS-Response-Delay" 	found in filter list for realm "DEFAULT". 
Mon Sep  2 14:15:16 2024 : Warning: [/etc/freeradius/mods-config/attr_filter/access_reject]:11 Check item "FreeRADIUS-Response-Delay-USec" 	found in filter list for realm "DEFAULT". 
Mon Sep  2 14:15:16 2024 : Info: Loaded virtual server <default>
Mon Sep  2 14:15:16 2024 : Warning: Ignoring "ldap" (see raddb/mods-available/README.rst)
Mon Sep  2 14:15:16 2024 : Info:  # Skipping contents of 'if' as it is always 'false' -- /etc/freeradius/sites-enabled/inner-tunnel:336
Mon Sep  2 14:15:16 2024 : Info: Loaded virtual server inner-tunnel
Mon Sep  2 14:15:16 2024 : Info: Loaded virtual server server01
Mon Sep  2 14:15:16 2024 : Info: Ready to process requests
Mon Sep  2 16:29:13 2024 : Warning: Shared secret for client localhost is short, and likely can be broken by an attacker.
Mon Sep  2 16:29:13 2024 : Warning: Shared secret for client public_ip is short, and likely can be broken by an attacker.
Mon Sep  2 16:29:13 2024 : Warning: Shared secret for client localhost_ipv6 is short, and likely can be broken by an attacker.
Mon Sep  2 16:29:13 2024 : Info: Debug state unknown (cap_sys_ptrace capability not set)
Mon Sep  2 16:29:13 2024 : Info: systemd watchdog is disabled
Mon Sep  2 16:29:13 2024 : Info: rlm_sql (sql): Driver rlm_sql_postgresql (module rlm_sql_postgresql) loaded and linked
Mon Sep  2 16:29:13 2024 : Info: rlm_sql (sql): Attempting to connect to database "ch_radius"
Mon Sep  2 16:29:13 2024 : Error: Cannot add client - virtual server 192.168.100.179 does not exist
Mon Sep  2 16:29:13 2024 : Warning: Failed to add client, possible duplicate?
Mon Sep  2 16:29:13 2024 : Info: Loaded virtual server <default>
Mon Sep  2 16:29:13 2024 : Warning: Ignoring "ldap" (see raddb/mods-available/README.rst)
Mon Sep  2 16:29:13 2024 : Info:  # Skipping contents of 'if' as it is always 'false' -- /etc/freeradius/sites-enabled/inner-tunnel:336
Mon Sep  2 16:29:13 2024 : Info: Loaded virtual server inner-tunnel
Mon Sep  2 16:29:13 2024 : Info: Loaded virtual server server01
Mon Sep  2 16:29:13 2024 : Info: Ready to process requests
Mon Sep  2 16:35:56 2024 : Error: !!!!!!!!!!!!!!!!!!!!!!!!!!!!!!!!!!!!!!!!!!!!!!!!!!!!!!!!!!!!!!!!!!!!!!!!!!!!!!!!
Mon Sep  2 16:35:56 2024 : Error: BlastRADIUS check: Received packet without Message-Authenticator.
Mon Sep  2 16:35:56 2024 : Error: Setting "require_message_authenticator = false" for client public_ip
Mon Sep  2 16:35:56 2024 : Error: !!!!!!!!!!!!!!!!!!!!!!!!!!!!!!!!!!!!!!!!!!!!!!!!!!!!!!!!!!!!!!!!!!!!!!!!!!!!!!!!
Mon Sep  2 16:35:56 2024 : Error: UPGRADE THE CLIENT AS YOUR NETWORK IS VULNERABLE TO THE BLASTRADIUS ATTACK.
Mon Sep  2 16:35:56 2024 : Error: Once the client is upgraded, set "require_message_authenticator = true" for  client public_ip
Mon Sep  2 16:35:56 2024 : Error: !!!!!!!!!!!!!!!!!!!!!!!!!!!!!!!!!!!!!!!!!!!!!!!!!!!!!!!!!!!!!!!!!!!!!!!!!!!!!!!!
Mon Sep  2 16:35:56 2024 : Error: !!!!!!!!!!!!!!!!!!!!!!!!!!!!!!!!!!!!!!!!!!!!!!!!!!!!!!!!!!!!!!!!!!!!!!!!!!!!!!!!
Mon Sep  2 16:35:56 2024 : Error: BlastRADIUS check: Received packet without Proxy-State.
Mon Sep  2 16:35:56 2024 : Error: Setting "limit_proxy_state = true" for client public_ip
Mon Sep  2 16:35:56 2024 : Error: !!!!!!!!!!!!!!!!!!!!!!!!!!!!!!!!!!!!!!!!!!!!!!!!!!!!!!!!!!!!!!!!!!!!!!!!!!!!!!!!
Mon Sep  2 16:35:56 2024 : Error: The packet does not contain Message-Authenticator, which is a security issue.
Mon Sep  2 16:35:56 2024 : Error: UPGRADE THE CLIENT AS YOUR NETWORK MAY BE VULNERABLE TO THE BLASTRADIUS ATTACK.
Mon Sep  2 16:35:56 2024 : Error: Once the client is upgraded, set "require_message_authenticator = true" for client public_ip
Mon Sep  2 16:35:56 2024 : Error: !!!!!!!!!!!!!!!!!!!!!!!!!!!!!!!!!!!!!!!!!!!!!!!!!!!!!!!!!!!!!!!!!!!!!!!!!!!!!!!!
Mon Sep  2 16:56:56 2024 : Info: Signalled to terminate
Mon Sep  2 16:56:56 2024 : Info: Exiting normally
Tue Sep  3 07:33:46 2024 : Warning: Shared secret for client localhost is short, and likely can be broken by an attacker.
Tue Sep  3 07:33:46 2024 : Warning: Shared secret for client public_ip is short, and likely can be broken by an attacker.
Tue Sep  3 07:33:46 2024 : Warning: Shared secret for client localhost_ipv6 is short, and likely can be broken by an attacker.
Tue Sep  3 07:33:46 2024 : Info: Debug state unknown (cap_sys_ptrace capability not set)
Tue Sep  3 07:33:46 2024 : Info: systemd watchdog is disabled
Tue Sep  3 07:33:46 2024 : Info: rlm_sql (sql): Driver rlm_sql_postgresql (module rlm_sql_postgresql) loaded and linked
Tue Sep  3 07:33:46 2024 : Info: rlm_sql (sql): Attempting to connect to database "ch_radius"
Tue Sep  3 07:33:46 2024 : Error: Cannot add client - virtual server 192.168.100.179 does not exist
Tue Sep  3 07:33:46 2024 : Warning: Failed to add client, possible duplicate?
Tue Sep  3 07:33:46 2024 : Info: Loaded virtual server <default>
Tue Sep  3 07:33:46 2024 : Warning: Ignoring "ldap" (see raddb/mods-available/README.rst)
Tue Sep  3 07:33:46 2024 : Info:  # Skipping contents of 'if' as it is always 'false' -- /etc/freeradius/sites-enabled/inner-tunnel:336
Tue Sep  3 07:33:46 2024 : Info: Loaded virtual server inner-tunnel
Tue Sep  3 07:33:46 2024 : Info: Loaded virtual server server01
Tue Sep  3 07:33:46 2024 : Info: Ready to process requests
Tue Sep  3 07:36:06 2024 : Info: Signalled to terminate
Tue Sep  3 07:36:06 2024 : Info: Exiting normally
Tue Sep  3 07:39:26 2024 : Warning: Shared secret for client localhost is short, and likely can be broken by an attacker.
Tue Sep  3 07:39:26 2024 : Warning: Shared secret for client public_ip is short, and likely can be broken by an attacker.
Tue Sep  3 07:39:26 2024 : Warning: Shared secret for client localhost_ipv6 is short, and likely can be broken by an attacker.
Tue Sep  3 07:39:26 2024 : Info: Debug state unknown (cap_sys_ptrace capability not set)
Tue Sep  3 07:39:26 2024 : Info: systemd watchdog is disabled
Tue Sep  3 07:39:26 2024 : Info: rlm_sql (sql): Driver rlm_sql_postgresql (module rlm_sql_postgresql) loaded and linked
Tue Sep  3 07:39:26 2024 : Info: rlm_sql (sql): Attempting to connect to database "ch_radius"
Tue Sep  3 07:39:27 2024 : Error: Cannot add client - virtual server 192.168.100.179 does not exist
Tue Sep  3 07:39:27 2024 : Warning: Failed to add client, possible duplicate?
Tue Sep  3 07:39:27 2024 : Info: Loaded virtual server <default>
Tue Sep  3 07:39:27 2024 : Warning: Ignoring "ldap" (see raddb/mods-available/README.rst)
Tue Sep  3 07:39:27 2024 : Info:  # Skipping contents of 'if' as it is always 'false' -- /etc/freeradius/sites-enabled/inner-tunnel:336
Tue Sep  3 07:39:27 2024 : Info: Loaded virtual server inner-tunnel
Tue Sep  3 07:39:27 2024 : Info: Loaded virtual server server01
Tue Sep  3 07:39:27 2024 : Info: Ready to process requests
Tue Sep  3 07:42:28 2024 : Info: Signalled to terminate
Tue Sep  3 07:42:28 2024 : Info: Exiting normally
Tue Sep  3 07:45:14 2024 : Warning: Shared secret for client localhost is short, and likely can be broken by an attacker.
Tue Sep  3 07:45:14 2024 : Warning: Shared secret for client public_ip is short, and likely can be broken by an attacker.
Tue Sep  3 07:45:14 2024 : Warning: Shared secret for client localhost_ipv6 is short, and likely can be broken by an attacker.
Tue Sep  3 07:45:14 2024 : Info: Debug state unknown (cap_sys_ptrace capability not set)
Tue Sep  3 07:45:14 2024 : Info: systemd watchdog is disabled
Tue Sep  3 07:45:14 2024 : Info: rlm_sql (sql): Driver rlm_sql_postgresql (module rlm_sql_postgresql) loaded and linked
Tue Sep  3 07:45:14 2024 : Info: rlm_sql (sql): Attempting to connect to database "ch_radius"
Tue Sep  3 07:45:14 2024 : Error: Cannot add client - virtual server 192.168.100.179 does not exist
Tue Sep  3 07:45:14 2024 : Warning: Failed to add client, possible duplicate?
Tue Sep  3 07:45:14 2024 : Info: Loaded virtual server <default>
Tue Sep  3 07:45:14 2024 : Warning: Ignoring "ldap" (see raddb/mods-available/README.rst)
Tue Sep  3 07:45:14 2024 : Info:  # Skipping contents of 'if' as it is always 'false' -- /etc/freeradius/sites-enabled/inner-tunnel:336
Tue Sep  3 07:45:14 2024 : Info: Loaded virtual server inner-tunnel
Tue Sep  3 07:45:14 2024 : Info: Loaded virtual server server01
Tue Sep  3 07:45:14 2024 : Info: Ready to process requests
Tue Sep  3 07:54:25 2024 : Info: Signalled to terminate
Tue Sep  3 07:54:25 2024 : Info: Exiting normally
Sat Sep  7 09:14:00 2024 : Warning: Shared secret for client localhost is short, and likely can be broken by an attacker.
Sat Sep  7 09:14:00 2024 : Warning: Shared secret for client public_ip is short, and likely can be broken by an attacker.
Sat Sep  7 09:14:00 2024 : Warning: Shared secret for client localhost_ipv6 is short, and likely can be broken by an attacker.
Sat Sep  7 09:14:00 2024 : Info: Debug state unknown (cap_sys_ptrace capability not set)
Sat Sep  7 09:14:00 2024 : Info: systemd watchdog is disabled
Sat Sep  7 09:14:00 2024 : Info: rlm_sql (sql): Driver rlm_sql_postgresql (module rlm_sql_postgresql) loaded and linked
Sat Sep  7 09:14:00 2024 : Info: rlm_sql (sql): Attempting to connect to database "ch_radius"
Sat Sep  7 09:14:01 2024 : Error: Cannot add client - virtual server 192.168.100.179 does not exist
Sat Sep  7 09:14:01 2024 : Warning: Failed to add client, possible duplicate?
Sat Sep  7 09:14:01 2024 : Info: Loaded virtual server <default>
Sat Sep  7 09:14:01 2024 : Warning: Ignoring "ldap" (see raddb/mods-available/README.rst)
Sat Sep  7 09:14:01 2024 : Info:  # Skipping contents of 'if' as it is always 'false' -- /etc/freeradius/sites-enabled/inner-tunnel:336
Sat Sep  7 09:14:01 2024 : Info: Loaded virtual server inner-tunnel
Sat Sep  7 09:14:01 2024 : Info: Loaded virtual server server01
Sat Sep  7 09:14:01 2024 : Info: Ready to process requests
Tue Sep 10 15:12:08 2024 : Warning: Shared secret for client localhost is short, and likely can be broken by an attacker.
Tue Sep 10 15:12:08 2024 : Warning: Shared secret for client public_ip is short, and likely can be broken by an attacker.
Tue Sep 10 15:12:08 2024 : Warning: Shared secret for client localhost_ipv6 is short, and likely can be broken by an attacker.
Tue Sep 10 15:12:08 2024 : Info: Debug state unknown (cap_sys_ptrace capability not set)
Tue Sep 10 15:12:08 2024 : Info: systemd watchdog is disabled
Tue Sep 10 15:12:08 2024 : Info: rlm_sql (sql): Driver rlm_sql_postgresql (module rlm_sql_postgresql) loaded and linked
Tue Sep 10 15:12:08 2024 : Info: rlm_sql (sql): Attempting to connect to database "ch_radius"
Tue Sep 10 15:12:08 2024 : Error: Cannot add client - virtual server 192.168.100.179 does not exist
Tue Sep 10 15:12:08 2024 : Warning: Failed to add client, possible duplicate?
Tue Sep 10 15:12:08 2024 : Info: Loaded virtual server <default>
Tue Sep 10 15:12:08 2024 : Warning: Ignoring "ldap" (see raddb/mods-available/README.rst)
Tue Sep 10 15:12:08 2024 : Info:  # Skipping contents of 'if' as it is always 'false' -- /etc/freeradius/sites-enabled/inner-tunnel:336
Tue Sep 10 15:12:08 2024 : Info: Loaded virtual server inner-tunnel
Tue Sep 10 15:12:08 2024 : Info: Loaded virtual server server01
Tue Sep 10 15:12:08 2024 : Info: Ready to process requests
Wed Sep 11 09:26:35 2024 : Warning: Shared secret for client localhost is short, and likely can be broken by an attacker.
Wed Sep 11 09:26:35 2024 : Warning: Shared secret for client public_ip is short, and likely can be broken by an attacker.
Wed Sep 11 09:26:35 2024 : Warning: Shared secret for client localhost_ipv6 is short, and likely can be broken by an attacker.
Wed Sep 11 09:26:35 2024 : Info: Debug state unknown (cap_sys_ptrace capability not set)
Wed Sep 11 09:26:35 2024 : Info: systemd watchdog is disabled
Wed Sep 11 09:26:35 2024 : Info: rlm_sql (sql): Driver rlm_sql_postgresql (module rlm_sql_postgresql) loaded and linked
Wed Sep 11 09:26:35 2024 : Info: rlm_sql (sql): Attempting to connect to database "ch_radius"
Wed Sep 11 09:26:35 2024 : Error: Cannot add client - virtual server 192.168.100.179 does not exist
Wed Sep 11 09:26:35 2024 : Warning: Failed to add client, possible duplicate?
Wed Sep 11 09:26:35 2024 : Info: Loaded virtual server <default>
Wed Sep 11 09:26:35 2024 : Warning: Ignoring "ldap" (see raddb/mods-available/README.rst)
Wed Sep 11 09:26:35 2024 : Info:  # Skipping contents of 'if' as it is always 'false' -- /etc/freeradius/sites-enabled/inner-tunnel:336
Wed Sep 11 09:26:35 2024 : Info: Loaded virtual server inner-tunnel
Wed Sep 11 09:26:35 2024 : Info: Loaded virtual server server01
Wed Sep 11 09:26:35 2024 : Info: Ready to process requests
Wed Sep 11 09:26:45 2024 : Info: Signalled to terminate
Wed Sep 11 09:26:45 2024 : Info: Exiting normally
Wed Sep 11 09:31:01 2024 : Warning: Shared secret for client localhost is short, and likely can be broken by an attacker.
Wed Sep 11 09:31:01 2024 : Warning: Shared secret for client public_ip is short, and likely can be broken by an attacker.
Wed Sep 11 09:31:01 2024 : Warning: Shared secret for client localhost_ipv6 is short, and likely can be broken by an attacker.
Wed Sep 11 09:31:01 2024 : Info: Debug state unknown (cap_sys_ptrace capability not set)
Wed Sep 11 09:31:01 2024 : Info: systemd watchdog is disabled
Wed Sep 11 09:31:01 2024 : Info: rlm_sql (sql): Driver rlm_sql_postgresql (module rlm_sql_postgresql) loaded and linked
Wed Sep 11 09:31:01 2024 : Info: rlm_sql (sql): Attempting to connect to database "ch_radius"
Wed Sep 11 09:31:02 2024 : Error: Cannot add client - virtual server 192.168.100.179 does not exist
Wed Sep 11 09:31:02 2024 : Warning: Failed to add client, possible duplicate?
Wed Sep 11 09:31:02 2024 : Info: Loaded virtual server <default>
Wed Sep 11 09:31:02 2024 : Warning: Ignoring "ldap" (see raddb/mods-available/README.rst)
Wed Sep 11 09:31:02 2024 : Info:  # Skipping contents of 'if' as it is always 'false' -- /etc/freeradius/sites-enabled/inner-tunnel:336
Wed Sep 11 09:31:02 2024 : Info: Loaded virtual server inner-tunnel
Wed Sep 11 09:31:02 2024 : Info: Loaded virtual server server01
Wed Sep 11 09:31:02 2024 : Info: Ready to process requests
Wed Sep 11 09:31:31 2024 : Error: !!!!!!!!!!!!!!!!!!!!!!!!!!!!!!!!!!!!!!!!!!!!!!!!!!!!!!!!!!!!!!!!!!!!!!!!!!!!!!!!
Wed Sep 11 09:31:31 2024 : Error: BlastRADIUS check: Received packet without Proxy-State.
Wed Sep 11 09:31:31 2024 : Error: Setting "limit_proxy_state = true" for client localhost
Wed Sep 11 09:31:31 2024 : Error: !!!!!!!!!!!!!!!!!!!!!!!!!!!!!!!!!!!!!!!!!!!!!!!!!!!!!!!!!!!!!!!!!!!!!!!!!!!!!!!!
Wed Sep 11 09:31:31 2024 : Error: The packet contains Message-Authenticator.
Wed Sep 11 09:31:31 2024 : Error: The client has likely been upgraded to protect from the attack.
Wed Sep 11 09:31:31 2024 : Error: Please set "require_message_authenticator = true" for client localhost
Wed Sep 11 09:31:31 2024 : Error: !!!!!!!!!!!!!!!!!!!!!!!!!!!!!!!!!!!!!!!!!!!!!!!!!!!!!!!!!!!!!!!!!!!!!!!!!!!!!!!!
Wed Sep 11 15:21:47 2024 : Info: Signalled to terminate
Wed Sep 11 15:21:47 2024 : Info: Exiting normally
